sample/build/intermediates/manifest_merge_blame_file/debug/manifest-merger-blame-debug-report.txt
1<?xml version="1.0" encoding="utf-8"?>
2<manifest xmlns:android="http://schemas.android.com/apk/res/android"
3    package="com.pi.cobaeditor"
4    android:versionCode="1"
5    android:versionName="1.0" >
6
7    <uses-sdk
8        android:minSdkVersion="26"
8-->src\main\AndroidManifest.xml
9        android:targetSdkVersion="29" />
9-->src\main\AndroidManifest.xml
10
11    <uses-permission android:name="android.permission.READ_EXTERNAL_STORAGE" />
11-->[com.github.esafirm.android-image-picker:imagepicker:2.0.0] AndroidManifest.xml:11:5-80
11-->[com.github.esafirm.android-image-picker:imagepicker:2.0.0] AndroidManifest.xml:11:22-77
12    <uses-permission android:name="android.permission.WRITE_EXTERNAL_STORAGE" />
12-->[com.github.esafirm.android-image-picker:imagepicker:2.0.0] AndroidManifest.xml:12:5-81
12-->[com.github.esafirm.android-image-picker:imagepicker:2.0.0] AndroidManifest.xml:12:22-78
13    <uses-permission android:name="android.permission.CAMERA" />
13-->[com.github.esafirm.android-image-picker:imagepicker:2.0.0] AndroidManifest.xml:13:5-65
13-->[com.github.esafirm.android-image-picker:imagepicker:2.0.0] AndroidManifest.xml:13:22-62
14
15    <application
15-->src\main\AndroidManifest.xml:5:5-19:19
16        android:allowBackup="true"
16-->src\main\AndroidManifest.xml:6:9-35
17        android:appComponentFactory="androidx.core.app.CoreComponentFactory"
17-->[androidx.core:core:1.1.0] AndroidManifest.xml:24:18-86
18        android:debuggable="true"
19        android:extractNativeLibs="false"
20        android:icon="@mipmap/ic_launcher"
20-->src\main\AndroidManifest.xml:7:9-43
21        android:label="@string/app_name"
21-->src\main\AndroidManifest.xml:8:9-41
22        android:roundIcon="@mipmap/ic_launcher_round"
22-->src\main\AndroidManifest.xml:9:9-54
23        android:supportsRtl="true"
23-->src\main\AndroidManifest.xml:10:9-35
24        android:testOnly="true"
25        android:theme="@style/AppTheme" >
25-->src\main\AndroidManifest.xml:11:9-40
26        <activity android:name="com.pi.cobaeditor.MainActivity2" >
26-->src\main\AndroidManifest.xml:12:9-18:20
26-->src\main\AndroidManifest.xml:12:19-65
27            <intent-filter>
27-->src\main\AndroidManifest.xml:13:13-17:29
28                <action android:name="android.intent.action.MAIN" />
28-->src\main\AndroidManifest.xml:14:17-69
28-->src\main\AndroidManifest.xml:14:25-66
29
30                <category android:name="android.intent.category.LAUNCHER" />
30-->src\main\AndroidManifest.xml:16:17-77
30-->src\main\AndroidManifest.xml:16:27-74
31            </intent-filter>
32        </activity>
33        <activity
33-->[com.github.esafirm.android-image-picker:imagepicker:2.0.0] AndroidManifest.xml:16:9-19:50
34            android:name="com.esafirm.imagepicker.features.ImagePickerActivity"
34-->[com.github.esafirm.android-image-picker:imagepicker:2.0.0] AndroidManifest.xml:17:13-80
35            android:configChanges="orientation|screenSize"
35-->[com.github.esafirm.android-image-picker:imagepicker:2.0.0] AndroidManifest.xml:18:13-59
36            android:theme="@style/ef_AppTheme" />
36-->[com.github.esafirm.android-image-picker:imagepicker:2.0.0] AndroidManifest.xml:19:13-47
37
38        <provider
38-->[com.github.esafirm.android-image-picker:imagepicker:2.0.0] AndroidManifest.xml:21:9-29:20
39            android:name="com.esafirm.imagepicker.helper.ImagePickerFileProvider"
39-->[com.github.esafirm.android-image-picker:imagepicker:2.0.0] AndroidManifest.xml:22:13-82
40            android:authorities="com.pi.cobaeditor.imagepicker.provider"
40-->[com.github.esafirm.android-image-picker:imagepicker:2.0.0] AndroidManifest.xml:23:13-72
41            android:exported="false"
41-->[com.github.esafirm.android-image-picker:imagepicker:2.0.0] AndroidManifest.xml:24:13-37
42            android:grantUriPermissions="true" >
42-->[com.github.esafirm.android-image-picker:imagepicker:2.0.0] AndroidManifest.xml:25:13-47
43            <meta-data
43-->[com.github.esafirm.android-image-picker:imagepicker:2.0.0] AndroidManifest.xml:26:13-28:71
44                android:name="android.support.FILE_PROVIDER_PATHS"
44-->[com.github.esafirm.android-image-picker:imagepicker:2.0.0] AndroidManifest.xml:27:17-67
45                android:resource="@xml/image_picker_provider_paths" />
45-->[com.github.esafirm.android-image-picker:imagepicker:2.0.0] AndroidManifest.xml:28:17-68
46        </provider>
47    </application>
48
49</manifest>